<?xml version="1.0" encoding="UTF-8"?>
<!-- Generated by org.testng.reporters.JUnitXMLReporter -->
<testsuite ignored="0" hostname="DESKTOP-TUSOF9V" failures="1" tests="3" name="Test" time="67.313" errors="0" timestamp="2022-10-23T12:32:44 IST">
  <testcase classname="testng.Testcase1" name="login" time="0.275">
    <failure type="java.lang.AssertionError" message="The following asserts failed:
	expected [We234345rty] but found [actiTIME - Login]">
      <![CDATA[java.lang.AssertionError: The following asserts failed:
expected [We234345rty] but found [actiTIME - Login]
at testng.Testcase1.login(Testcase1.java:44)
at java.base/java.util.ArrayList.forEach(ArrayList.java:1511)
... Removed 27 stack frames]]>
    </failure>
  </testcase> <!-- login -->
  <testcase classname="testng.Testcase2" name="forgotPassword" time="0.427"/>
  <testcase classname="testng.Testcase3" name="actitimeinc" time="0.229"/>
</testsuite> <!-- Test -->
